* using log directory 'C:/Users/Leonardo/Downloads/UniBA/package experiment/Spoke07_temp/SchoolDataIT/..Rcheck'
* using R version 4.5.0 (2025-04-11 ucrt)
* using platform: x86_64-w64-mingw32
* R was compiled by
    gcc.exe (GCC) 14.2.0
    GNU Fortran (GCC) 14.2.0
* running under: Windows 11 x64 (build 22631)
* using session charset: UTF-8
* using option '--as-cran'
* checking for file './DESCRIPTION' ... OK
* checking extension type ... Package
* this is package 'SchoolDataIT' version '0.2.7'
* package encoding: UTF-8
* checking CRAN incoming feasibility ... [20s] NOTE
Maintainer: 'Leonardo Cefalo <leonardo.cefalo@uniba.it>'

The build time stamp is missing.
* checking package namespace information ... OK
* checking package dependencies ... ERROR
Package suggested but not available: 'readxl'

The suggested packages are required for a complete check.
Checking can be attempted without them by setting the environment
variable _R_CHECK_FORCE_SUGGESTS_ to a false value.

See section 'The DESCRIPTION file' in the 'Writing R Extensions'
manual.
* DONE
Status: 1 ERROR, 1 NOTE
